<?xml version="1.0" encoding="UTF-8"?>
<!-- Generated by org.testng.reporters.JUnitXMLReporter -->
<testsuite ignored="0" hostname="Lenovo-PC" failures="0" tests="10" name="Test" time="0.854" errors="0" timestamp="2023-07-24T17:12:09 IST">
  <testcase classname="testng.test.FirstTest" name="user1SignIn" time="0.012"/>
  <testcase classname="testng.test.FirstTest" name="user1Login" time="0.002"/>
  <testcase classname="testng.test.SecondTest" name="user2Login" time="0.002"/>
  <testcase classname="testng.test.SecondTest" name="user2SignIn" time="0.002"/>
  <testcase classname="testng.test.ThirdTest" name="safeLogin" time="0.003"/>
  <testcase classname="testng.test.ThirdTest" name="user3Login" time="0.002"/>
  <testcase classname="testng.test.ThirdTest" name="user3SignIn" time="0.002"/>
  <testcase classname="testng.test.FourthTest" name="SignInForm" time="0.002"/>
  <testcase classname="testng.test.FourthTest" name="SignInForm" time="0.002"/>
  <testcase classname="testng.test.FourthTest" name="SignInForm" time="0.002"/>
</testsuite> <!-- Test -->
