<?xml version="1.0" encoding="UTF-8"?>
<!-- Generated by org.testng.reporters.JUnitXMLReporter -->
<testsuite ignored="6" hostname="Lenovo-PC" failures="0" tests="2" name="Test" time="0.513" errors="0" timestamp="2023-07-24T17:13:40 IST">
  <testcase classname="testng.test.SecondTest" name="user2Login" time="0.007"/>
  <testcase classname="testng.test.SecondTest" name="user2SignIn" time="0.001"/>
  <testcase classname="testng.test.FirstTest" name="user1Login" time="0.0">
    <ignored/>
  </testcase> <!-- user1Login -->
  <testcase classname="testng.test.ThirdTest" name="safeLogin" time="0.0">
    <ignored/>
  </testcase> <!-- safeLogin -->
  <testcase classname="testng.test.ThirdTest" name="user3SignIn" time="0.0">
    <ignored/>
  </testcase> <!-- user3SignIn -->
  <testcase classname="testng.test.FirstTest" name="user1SignIn" time="0.0">
    <ignored/>
  </testcase> <!-- user1SignIn -->
  <testcase classname="testng.test.FourthTest" name="SignInForm" time="0.0">
    <ignored/>
  </testcase> <!-- SignInForm -->
  <testcase classname="testng.test.ThirdTest" name="user3Login" time="0.0">
    <ignored/>
  </testcase> <!-- user3Login -->
</testsuite> <!-- Test -->
