<?xml version="1.0" encoding="UTF-8"?>
<testng-results ignored="0" total="2" passed="2" failed="0" skipped="0">
  <reporter-output>
  </reporter-output>
  <suite started-at="2023-07-23T21:04:51 IST" name="Suite" finished-at="2023-07-23T21:04:51 IST" duration-ms="134">
    <groups>
      <group name="smoke">
        <method signature="SecondTest.user2Login()[pri:0, instance:testng.test.SecondTest@6392827e]" name="user2Login" class="testng.test.SecondTest"/>
        <method signature="SecondTest.user2SignIn()[pri:0, instance:testng.test.SecondTest@6392827e]" name="user2SignIn" class="testng.test.SecondTest"/>
      </group> <!-- smoke -->
    </groups>
    <test started-at="2023-07-23T21:04:51 IST" name="Test" finished-at="2023-07-23T21:04:51 IST" duration-ms="134">
      <class name="testng.test.SecondTest">
        <test-method signature="user2Login()[pri:0, instance:testng.test.SecondTest@6392827e]" started-at="2023-07-23T21:04:51 IST" name="user2Login" finished-at="2023-07-23T21:04:51 IST" duration-ms="12" status="PASS">
          <reporter-output>
          </reporter-output>
        </test-method> <!-- user2Login -->
        <test-method signature="user2SignIn()[pri:0, instance:testng.test.SecondTest@6392827e]" started-at="2023-07-23T21:04:51 IST" name="user2SignIn" finished-at="2023-07-23T21:04:51 IST" duration-ms="1" status="PASS">
          <reporter-output>
          </reporter-output>
        </test-method> <!-- user2SignIn -->
      </class> <!-- testng.test.SecondTest -->
    </test> <!-- Test -->
  </suite> <!-- Suite -->
</testng-results>
