<?xml version="1.0" encoding="UTF-8"?>
<testng-results ignored="6" total="8" passed="2" failed="0" skipped="0">
  <reporter-output>
  </reporter-output>
  <suite started-at="2023-07-24T16:31:46 IST" name="Suite" finished-at="2023-07-24T16:31:47 IST" duration-ms="809">
    <groups>
      <group name="smoke">
        <method signature="SecondTest.user2Login()[pri:0, instance:testng.test.SecondTest@d29f28]" name="user2Login" class="testng.test.SecondTest"/>
        <method signature="SecondTest.user2SignIn()[pri:0, instance:testng.test.SecondTest@d29f28]" name="user2SignIn" class="testng.test.SecondTest"/>
      </group> <!-- smoke -->
    </groups>
    <test started-at="2023-07-24T16:31:46 IST" name="Test" finished-at="2023-07-24T16:31:47 IST" duration-ms="809">
      <class name="testng.test.SecondTest">
        <test-method signature="user2Login()[pri:0, instance:testng.test.SecondTest@d29f28]" started-at="2023-07-24T16:31:47 IST" name="user2Login" finished-at="2023-07-24T16:31:47 IST" duration-ms="13" status="PASS">
          <reporter-output>
          </reporter-output>
        </test-method> <!-- user2Login -->
        <test-method signature="user2SignIn()[pri:0, instance:testng.test.SecondTest@d29f28]" started-at="2023-07-24T16:31:47 IST" name="user2SignIn" finished-at="2023-07-24T16:31:47 IST" duration-ms="2" status="PASS">
          <reporter-output>
          </reporter-output>
        </test-method> <!-- user2SignIn -->
      </class> <!-- testng.test.SecondTest -->
    </test> <!-- Test -->
  </suite> <!-- Suite -->
</testng-results>
