<?xml version="1.0" encoding="UTF-8"?>
<!-- Generated by org.testng.reporters.JUnitReportReporter -->
<testsuite hostname="Lenovo-PC" failures="0" tests="3" name="testng.test.ThirdTest" time="0.007" errors="0" timestamp="2023-07-24T17:13:14 IST" skipped="0">
  <testcase classname="testng.test.ThirdTest" name="user3SignIn" time="0.002"/>
  <testcase classname="testng.test.ThirdTest" name="user3Login" time="0.002"/>
  <testcase classname="testng.test.ThirdTest" name="safeLogin" time="0.003"/>
</testsuite> <!-- testng.test.ThirdTest -->
